  addStage.cpp
  gameLoop.cpp
  main.cpp
  players.cpp
c:\users\facundo\desktop\fight-game\fighting-game\fighting-game\players.cpp(94): warning C4244: 'argumento': conversión de 'float' a 'int'; posible pérdida de datos
c:\users\facundo\desktop\fight-game\fighting-game\fighting-game\players.cpp(99): warning C4244: 'argumento': conversión de 'float' a 'int'; posible pérdida de datos
c:\users\facundo\desktop\fight-game\fighting-game\fighting-game\players.cpp(104): warning C4244: 'argumento': conversión de 'float' a 'int'; posible pérdida de datos
c:\users\facundo\desktop\fight-game\fighting-game\fighting-game\players.cpp(109): warning C4244: 'argumento': conversión de 'float' a 'int'; posible pérdida de datos
c:\users\facundo\desktop\fight-game\fighting-game\fighting-game\players.cpp(114): warning C4244: 'argumento': conversión de 'float' a 'int'; posible pérdida de datos
c:\users\facundo\desktop\fight-game\fighting-game\fighting-game\players.cpp(119): warning C4244: 'argumento': conversión de 'float' a 'int'; posible pérdida de datos
c:\users\facundo\desktop\fight-game\fighting-game\fighting-game\players.cpp(124): warning C4244: 'argumento': conversión de 'float' a 'int'; posible pérdida de datos
c:\users\facundo\desktop\fight-game\fighting-game\fighting-game\players.cpp(129): warning C4244: 'argumento': conversión de 'float' a 'int'; posible pérdida de datos
c:\users\facundo\desktop\fight-game\fighting-game\fighting-game\players.cpp(134): warning C4244: 'argumento': conversión de 'float' a 'int'; posible pérdida de datos
c:\users\facundo\desktop\fight-game\fighting-game\fighting-game\players.cpp(141): warning C4244: 'argumento': conversión de 'float' a 'int'; posible pérdida de datos
c:\users\facundo\desktop\fight-game\fighting-game\fighting-game\players.cpp(146): warning C4244: 'argumento': conversión de 'float' a 'int'; posible pérdida de datos
c:\users\facundo\desktop\fight-game\fighting-game\fighting-game\players.cpp(151): warning C4244: 'argumento': conversión de 'float' a 'int'; posible pérdida de datos
c:\users\facundo\desktop\fight-game\fighting-game\fighting-game\players.cpp(156): warning C4244: 'argumento': conversión de 'float' a 'int'; posible pérdida de datos
c:\users\facundo\desktop\fight-game\fighting-game\fighting-game\players.cpp(161): warning C4244: 'argumento': conversión de 'float' a 'int'; posible pérdida de datos
c:\users\facundo\desktop\fight-game\fighting-game\fighting-game\players.cpp(166): warning C4244: 'argumento': conversión de 'float' a 'int'; posible pérdida de datos
c:\users\facundo\desktop\fight-game\fighting-game\fighting-game\players.cpp(171): warning C4244: 'argumento': conversión de 'float' a 'int'; posible pérdida de datos
c:\users\facundo\desktop\fight-game\fighting-game\fighting-game\players.cpp(176): warning C4244: 'argumento': conversión de 'float' a 'int'; posible pérdida de datos
c:\users\facundo\desktop\fight-game\fighting-game\fighting-game\players.cpp(181): warning C4244: 'argumento': conversión de 'float' a 'int'; posible pérdida de datos
c:\users\facundo\desktop\fight-game\fighting-game\fighting-game\players.cpp(188): warning C4244: 'argumento': conversión de 'float' a 'int'; posible pérdida de datos
c:\users\facundo\desktop\fight-game\fighting-game\fighting-game\players.cpp(193): warning C4244: 'argumento': conversión de 'float' a 'int'; posible pérdida de datos
c:\users\facundo\desktop\fight-game\fighting-game\fighting-game\players.cpp(198): warning C4244: 'argumento': conversión de 'float' a 'int'; posible pérdida de datos
c:\users\facundo\desktop\fight-game\fighting-game\fighting-game\players.cpp(203): warning C4244: 'argumento': conversión de 'float' a 'int'; posible pérdida de datos
c:\users\facundo\desktop\fight-game\fighting-game\fighting-game\players.cpp(208): warning C4244: 'argumento': conversión de 'float' a 'int'; posible pérdida de datos
c:\users\facundo\desktop\fight-game\fighting-game\fighting-game\players.cpp(213): warning C4244: 'argumento': conversión de 'float' a 'int'; posible pérdida de datos
c:\users\facundo\desktop\fight-game\fighting-game\fighting-game\players.cpp(218): warning C4244: 'argumento': conversión de 'float' a 'int'; posible pérdida de datos
c:\users\facundo\desktop\fight-game\fighting-game\fighting-game\players.cpp(223): warning C4244: 'argumento': conversión de 'float' a 'int'; posible pérdida de datos
c:\users\facundo\desktop\fight-game\fighting-game\fighting-game\players.cpp(228): warning C4244: 'argumento': conversión de 'float' a 'int'; posible pérdida de datos
  screen.cpp
  Generando código...
addStage.obj : error LNK2019: símbolo externo LoadImage sin resolver al que se hace referencia en la función "void __cdecl Stage::LoadAssets(void)" (?LoadAssets@Stage@@YAXXZ)
players.obj : error LNK2001: símbolo externo LoadImage sin resolver
addStage.obj : error LNK2019: símbolo externo LoadTexture sin resolver al que se hace referencia en la función "void __cdecl Stage::LoadAssets(void)" (?LoadAssets@Stage@@YAXXZ)
addStage.obj : error LNK2019: símbolo externo LoadTextureFromImage sin resolver al que se hace referencia en la función "void __cdecl Stage::LoadAssets(void)" (?LoadAssets@Stage@@YAXXZ)
players.obj : error LNK2001: símbolo externo LoadTextureFromImage sin resolver
addStage.obj : error LNK2019: símbolo externo UnloadImage sin resolver al que se hace referencia en la función "void __cdecl Stage::LoadAssets(void)" (?LoadAssets@Stage@@YAXXZ)
players.obj : error LNK2001: símbolo externo UnloadImage sin resolver
addStage.obj : error LNK2019: símbolo externo UnloadTexture sin resolver al que se hace referencia en la función "void __cdecl Stage::UnloadAssets(void)" (?UnloadAssets@Stage@@YAXXZ)
players.obj : error LNK2001: símbolo externo UnloadTexture sin resolver
addStage.obj : error LNK2019: símbolo externo ImageResize sin resolver al que se hace referencia en la función "void __cdecl Stage::LoadAssets(void)" (?LoadAssets@Stage@@YAXXZ)
players.obj : error LNK2001: símbolo externo ImageResize sin resolver
addStage.obj : error LNK2019: símbolo externo DrawTextureRec sin resolver al que se hace referencia en la función "void __cdecl Stage::DrawBackGround(void)" (?DrawBackGround@Stage@@YAXXZ)
players.obj : error LNK2001: símbolo externo DrawTextureRec sin resolver
gameLoop.obj : error LNK2019: símbolo externo WindowShouldClose sin resolver al que se hace referencia en la función "void __cdecl GL::CloseKey(void)" (?CloseKey@GL@@YAXXZ)
gameLoop.obj : error LNK2019: símbolo externo ClearBackground sin resolver al que se hace referencia en la función "void __cdecl GL::Loop(void)" (?Loop@GL@@YAXXZ)
gameLoop.obj : error LNK2019: símbolo externo BeginDrawing sin resolver al que se hace referencia en la función "void __cdecl GL::Loop(void)" (?Loop@GL@@YAXXZ)
gameLoop.obj : error LNK2019: símbolo externo EndDrawing sin resolver al que se hace referencia en la función "void __cdecl GL::Loop(void)" (?Loop@GL@@YAXXZ)
gameLoop.obj : error LNK2019: símbolo externo SetTargetFPS sin resolver al que se hace referencia en la función "void __cdecl GL::InitializeAll(void)" (?InitializeAll@GL@@YAXXZ)
gameLoop.obj : error LNK2019: símbolo externo IsKeyPressed sin resolver al que se hace referencia en la función "void __cdecl GL::CloseKey(void)" (?CloseKey@GL@@YAXXZ)
players.obj : error LNK2001: símbolo externo IsKeyPressed sin resolver
players.obj : error LNK2019: símbolo externo GetTime sin resolver al que se hace referencia en la función "void __cdecl Players::CalcDeltaTime(void)" (?CalcDeltaTime@Players@@YAXXZ)
players.obj : error LNK2019: símbolo externo IsKeyDown sin resolver al que se hace referencia en la función "void __cdecl Players::InputsPlayer1(struct Players::Pjs &)" (?InputsPlayer1@Players@@YAXAEAUPjs@1@@Z)
players.obj : error LNK2019: símbolo externo DrawRectangleLinesEx sin resolver al que se hace referencia en la función "void __cdecl Players::DrawPlayers(struct Players::Pjs &)" (?DrawPlayers@Players@@YAXAEAUPjs@1@@Z)
players.obj : error LNK2019: símbolo externo CheckCollisionRecs sin resolver al que se hace referencia en la función "void __cdecl Players::CheckOnFloor(struct Players::Pjs &)" (?CheckOnFloor@Players@@YAXAEAUPjs@1@@Z)
screen.obj : error LNK2019: símbolo externo InitWindow sin resolver al que se hace referencia en la función "void __cdecl Screen::InitializeScreen(void)" (?InitializeScreen@Screen@@YAXXZ)
C:\Users\Facundo\Desktop\Fight-Game\Fighting-Game\dependecies\raylib.lib : warning LNK4272: el tipo de máquina de biblioteca 'x86' está en conflicto con el tipo de máquina de destino 'x64'
C:\Users\Facundo\Desktop\Fight-Game\Fighting-Game\x64\Debug\Fighting-Game.exe : fatal error LNK1120: 18 externos sin resolver
